# JRE version: OpenJDK Runtime Environment Temurin-17.0.5+8 (17.0.5+8) (build 17.0.5+8)
# Java VM: OpenJDK 64-Bit Server VM Temurin-17.0.5+8 (17.0.5+8, mixed mode, tiered, compressed oops, compressed class ptrs, g1 gc, windows-amd64)
GC Precious Log:
 CPUs: 8 total, 8 available
 Memory: 8043M
 Large Page Support: Disabled
 NUMA Support: Disabled
 Compressed Oops: Enabled (32-bit)
 Heap Region Size: 1M
 Heap Min Capacity: 8M
 Heap Initial Capacity: 126M
 Heap Max Capacity: 2012M
 Pre-touch: Disabled
 Parallel Workers: 8
 Concurrent Workers: 2
 Concurrent Refinement Workers: 8
 Periodic GC: Disabled
Heap:
 garbage-first heap   total 48128K, used 24038K [0x0000000082400000, 0x0000000100000000)
  region size 1024K, 2 young (2048K), 2 survivors (2048K)
 Metaspace       used 53143K, committed 53568K, reserved 1097728K
  class space    used 6610K, committed 6848K, reserved 1048576K
GC Heap History (20 events):
Event: 7.428 GC heap after
{Heap after GC invocations=3 (full 0):
 garbage-first heap   total 129024K, used 12415K [0x0000000082400000, 0x0000000100000000)
  region size 1024K, 3 young (3072K), 3 survivors (3072K)
 Metaspace       used 21271K, committed 21504K, reserved 1073152K
  class space    used 2441K, committed 2560K, reserved 1048576K
}
Event: 7.705 GC heap before
{Heap before GC invocations=4 (full 0):
 garbage-first heap   total 48128K, used 34943K [0x0000000082400000, 0x0000000100000000)
  region size 1024K, 26 young (26624K), 3 survivors (3072K)
 Metaspace       used 27149K, committed 27328K, reserved 1073152K
  class space    used 3109K, committed 3200K, reserved 1048576K
}
Event: 7.709 GC heap after
{Heap after GC invocations=5 (full 0):
 garbage-first heap   total 48128K, used 14279K [0x0000000082400000, 0x0000000100000000)
  region size 1024K, 5 young (5120K), 5 survivors (5120K)
 Metaspace       used 27149K, committed 27328K, reserved 1073152K
  class space    used 3109K, committed 3200K, reserved 1048576K
}
Event: 7.719 GC heap before
{Heap before GC invocations=5 (full 0):
 garbage-first heap   total 48128K, used 15303K [0x0000000082400000, 0x0000000100000000)
  region size 1024K, 6 young (6144K), 5 survivors (5120K)
 Metaspace       used 27303K, committed 27456K, reserved 1073152K
  class space    used 3130K, committed 3200K, reserved 1048576K
}
Event: 7.723 GC heap after
{Heap after GC invocations=6 (full 0):
 garbage-first heap   total 48128K, used 14677K [0x0000000082400000, 0x0000000100000000)
  region size 1024K, 1 young (1024K), 1 survivors (1024K)
 Metaspace       used 27303K, committed 27456K, reserved 1073152K
  class space    used 3130K, committed 3200K, reserved 1048576K
}
Event: 7.963 GC heap before
{Heap before GC invocations=6 (full 0):
 garbage-first heap   total 48128K, used 33109K [0x0000000082400000, 0x0000000100000000)
  region size 1024K, 19 young (19456K), 1 survivors (1024K)
 Metaspace       used 29514K, committed 29824K, reserved 1081344K
  class space    used 3408K, committed 3584K, reserved 1048576K
}
Event: 7.965 GC heap after
{Heap after GC invocations=7 (full 0):
 garbage-first heap   total 48128K, used 15805K [0x0000000082400000, 0x0000000100000000)
  region size 1024K, 2 young (2048K), 2 survivors (2048K)
 Metaspace       used 29514K, committed 29824K, reserved 1081344K
  class space    used 3408K, committed 3584K, reserved 1048576K
}
Event: 8.283 GC heap before
{Heap before GC invocations=7 (full 0):
 garbage-first heap   total 48128K, used 34237K [0x0000000082400000, 0x0000000100000000)
  region size 1024K, 20 young (20480K), 2 survivors (2048K)
 Metaspace       used 31569K, committed 31872K, reserved 1081344K
  class space    used 3690K, committed 3840K, reserved 1048576K
}
Event: 8.285 GC heap after
{Heap after GC invocations=8 (full 0):
 garbage-first heap   total 48128K, used 17088K [0x0000000082400000, 0x0000000100000000)
  region size 1024K, 2 young (2048K), 2 survivors (2048K)
 Metaspace       used 31569K, committed 31872K, reserved 1081344K
  class space    used 3690K, committed 3840K, reserved 1048576K
}
Event: 8.641 GC heap before
{Heap before GC invocations=8 (full 0):
 garbage-first heap   total 48128K, used 34496K [0x0000000082400000, 0x0000000100000000)
  region size 1024K, 19 young (19456K), 2 survivors (2048K)
 Metaspace       used 34179K, committed 34560K, reserved 1081344K
  class space    used 4072K, committed 4224K, reserved 1048576K
}
Event: 8.644 GC heap after
{Heap after GC invocations=9 (full 0):
 garbage-first heap   total 48128K, used 18412K [0x0000000082400000, 0x0000000100000000)
  region size 1024K, 3 young (3072K), 3 survivors (3072K)
 Metaspace       used 34179K, committed 34560K, reserved 1081344K
  class space    used 4072K, committed 4224K, reserved 1048576K
}
Event: 8.865 GC heap before
{Heap before GC invocations=9 (full 0):
 garbage-first heap   total 48128K, used 29676K [0x0000000082400000, 0x0000000100000000)
  region size 1024K, 16 young (16384K), 3 survivors (3072K)
 Metaspace       used 35852K, committed 36160K, reserved 1081344K
  class space    used 4325K, committed 4480K, reserved 1048576K
}
Event: 8.868 GC heap after
{Heap after GC invocations=10 (full 0):
 garbage-first heap   total 48128K, used 19385K [0x0000000082400000, 0x0000000100000000)
  region size 1024K, 3 young (3072K), 3 survivors (3072K)
 Metaspace       used 35852K, committed 36160K, reserved 1081344K
  class space    used 4325K, committed 4480K, reserved 1048576K
}
Event: 9.199 GC heap before
{Heap before GC invocations=11 (full 0):
 garbage-first heap   total 48128K, used 35769K [0x0000000082400000, 0x0000000100000000)
  region size 1024K, 19 young (19456K), 3 survivors (3072K)
 Metaspace       used 38986K, committed 39360K, reserved 1089536K
  class space    used 4836K, committed 4992K, reserved 1048576K
}
Event: 9.202 GC heap after
{Heap after GC invocations=12 (full 0):
 garbage-first heap   total 48128K, used 19895K [0x0000000082400000, 0x0000000100000000)
  region size 1024K, 2 young (2048K), 2 survivors (2048K)
 Metaspace       used 38986K, committed 39360K, reserved 1089536K
  class space    used 4836K, committed 4992K, reserved 1048576K
}
Event: 9.638 GC heap before
{Heap before GC invocations=12 (full 0):
 garbage-first heap   total 48128K, used 36279K [0x0000000082400000, 0x0000000100000000)
  region size 1024K, 19 young (19456K), 2 survivors (2048K)
 Metaspace       used 44081K, committed 44416K, reserved 1089536K
  class space    used 5463K, committed 5632K, reserved 1048576K
}
Event: 9.641 GC heap after
{Heap after GC invocations=13 (full 0):
 garbage-first heap   total 48128K, used 21569K [0x0000000082400000, 0x0000000100000000)
  region size 1024K, 3 young (3072K), 3 survivors (3072K)
 Metaspace       used 44081K, committed 44416K, reserved 1089536K
  class space    used 5463K, committed 5632K, reserved 1048576K
}
Event: 10.006 GC heap before
{Heap before GC invocations=13 (full 0):
 garbage-first heap   total 48128K, used 35905K [0x0000000082400000, 0x0000000100000000)
  region size 1024K, 18 young (18432K), 3 survivors (3072K)
 Metaspace       used 50593K, committed 51008K, reserved 1097728K
  class space    used 6287K, committed 6464K, reserved 1048576K
}
Event: 10.010 GC heap after
{Heap after GC invocations=14 (full 0):
 garbage-first heap   total 48128K, used 22986K [0x0000000082400000, 0x0000000100000000)
  region size 1024K, 2 young (2048K), 2 survivors (2048K)
 Metaspace       used 50593K, committed 51008K, reserved 1097728K
  class space    used 6287K, committed 6464K, reserved 1048576K
}
Event: 10.239 GC heap before
{Heap before GC invocations=14 (full 0):
 garbage-first heap   total 48128K, used 36298K [0x0000000082400000, 0x0000000100000000)
  region size 1024K, 16 young (16384K), 2 survivors (2048K)
 Metaspace       used 53143K, committed 53568K, reserved 1097728K
  class space    used 6610K, committed 6848K, reserved 1048576K
}

