# JRE version: OpenJDK Runtime Environment Temurin-17.0.5+8 (17.0.5+8) (build 17.0.5+8)
# Java VM: OpenJDK 64-Bit Server VM Temurin-17.0.5+8 (17.0.5+8, mixed mode, tiered, compressed oops, compressed class ptrs, g1 gc, windows-amd64)
GC Precious Log:
 CPUs: 8 total, 8 available
 Memory: 8043M
 Large Page Support: Disabled
 NUMA Support: Disabled
 Compressed Oops: Enabled (32-bit)
 Heap Region Size: 1M
 Heap Min Capacity: 8M
 Heap Initial Capacity: 126M
 Heap Max Capacity: 2012M
 Pre-touch: Disabled
 Parallel Workers: 8
 Concurrent Workers: 2
 Concurrent Refinement Workers: 8
 Periodic GC: Disabled
Heap:
 garbage-first heap   total 58368K, used 35650K [0x0000000082400000, 0x0000000100000000)
  region size 1024K, 12 young (12288K), 3 survivors (3072K)
 Metaspace       used 65164K, committed 65536K, reserved 1105920K
  class space    used 8442K, committed 8640K, reserved 1048576K
GC Heap History (20 events):
Event: 2.071 GC heap before
{Heap before GC invocations=5 (full 0):
 garbage-first heap   total 48128K, used 32788K [0x0000000082400000, 0x0000000100000000)
  region size 1024K, 23 young (23552K), 5 survivors (5120K)
 Metaspace       used 29321K, committed 29568K, reserved 1081344K
  class space    used 3394K, committed 3520K, reserved 1048576K
}
Event: 2.077 GC heap after
{Heap after GC invocations=6 (full 0):
 garbage-first heap   total 48128K, used 16112K [0x0000000082400000, 0x0000000100000000)
  region size 1024K, 2 young (2048K), 2 survivors (2048K)
 Metaspace       used 29321K, committed 29568K, reserved 1081344K
  class space    used 3394K, committed 3520K, reserved 1048576K
}
Event: 2.405 GC heap before
{Heap before GC invocations=6 (full 0):
 garbage-first heap   total 48128K, used 33520K [0x0000000082400000, 0x0000000100000000)
  region size 1024K, 19 young (19456K), 2 survivors (2048K)
 Metaspace       used 31229K, committed 31488K, reserved 1081344K
  class space    used 3647K, committed 3776K, reserved 1048576K
}
Event: 2.408 GC heap after
{Heap after GC invocations=7 (full 0):
 garbage-first heap   total 48128K, used 17421K [0x0000000082400000, 0x0000000100000000)
  region size 1024K, 2 young (2048K), 2 survivors (2048K)
 Metaspace       used 31229K, committed 31488K, reserved 1081344K
  class space    used 3647K, committed 3776K, reserved 1048576K
}
Event: 2.805 GC heap before
{Heap before GC invocations=7 (full 0):
 garbage-first heap   total 48128K, used 34829K [0x0000000082400000, 0x0000000100000000)
  region size 1024K, 19 young (19456K), 2 survivors (2048K)
 Metaspace       used 33816K, committed 34176K, reserved 1081344K
  class space    used 4013K, committed 4160K, reserved 1048576K
}
Event: 2.809 GC heap after
{Heap after GC invocations=8 (full 0):
 garbage-first heap   total 48128K, used 18632K [0x0000000082400000, 0x0000000100000000)
  region size 1024K, 3 young (3072K), 3 survivors (3072K)
 Metaspace       used 33816K, committed 34176K, reserved 1081344K
  class space    used 4013K, committed 4160K, reserved 1048576K
}
Event: 3.112 GC heap before
{Heap before GC invocations=8 (full 0):
 garbage-first heap   total 48128K, used 32968K [0x0000000082400000, 0x0000000100000000)
  region size 1024K, 18 young (18432K), 3 survivors (3072K)
 Metaspace       used 35877K, committed 36160K, reserved 1081344K
  class space    used 4327K, committed 4480K, reserved 1048576K
}
Event: 3.117 GC heap after
{Heap after GC invocations=9 (full 0):
 garbage-first heap   total 48128K, used 19903K [0x0000000082400000, 0x0000000100000000)
  region size 1024K, 3 young (3072K), 3 survivors (3072K)
 Metaspace       used 35877K, committed 36160K, reserved 1081344K
  class space    used 4327K, committed 4480K, reserved 1048576K
}
Event: 3.571 GC heap before
{Heap before GC invocations=10 (full 0):
 garbage-first heap   total 48128K, used 36287K [0x0000000082400000, 0x0000000100000000)
  region size 1024K, 19 young (19456K), 3 survivors (3072K)
 Metaspace       used 39706K, committed 40128K, reserved 1089536K
  class space    used 4921K, committed 5120K, reserved 1048576K
}
Event: 3.575 GC heap after
{Heap after GC invocations=11 (full 0):
 garbage-first heap   total 48128K, used 20707K [0x0000000082400000, 0x0000000100000000)
  region size 1024K, 3 young (3072K), 3 survivors (3072K)
 Metaspace       used 39706K, committed 40128K, reserved 1089536K
  class space    used 4921K, committed 5120K, reserved 1048576K
}
Event: 3.875 GC heap before
{Heap before GC invocations=11 (full 0):
 garbage-first heap   total 48128K, used 37091K [0x0000000082400000, 0x0000000100000000)
  region size 1024K, 19 young (19456K), 3 survivors (3072K)
 Metaspace       used 44040K, committed 44352K, reserved 1089536K
  class space    used 5465K, committed 5632K, reserved 1048576K
}
Event: 3.878 GC heap after
{Heap after GC invocations=12 (full 0):
 garbage-first heap   total 58368K, used 22292K [0x0000000082400000, 0x0000000100000000)
  region size 1024K, 3 young (3072K), 3 survivors (3072K)
 Metaspace       used 44040K, committed 44352K, reserved 1089536K
  class space    used 5465K, committed 5632K, reserved 1048576K
}
Event: 4.381 GC heap before
{Heap before GC invocations=12 (full 0):
 garbage-first heap   total 58368K, used 43796K [0x0000000082400000, 0x0000000100000000)
  region size 1024K, 24 young (24576K), 3 survivors (3072K)
 Metaspace       used 51546K, committed 51904K, reserved 1097728K
  class space    used 6415K, committed 6592K, reserved 1048576K
}
Event: 4.387 GC heap after
{Heap after GC invocations=13 (full 0):
 garbage-first heap   total 58368K, used 23893K [0x0000000082400000, 0x0000000100000000)
  region size 1024K, 3 young (3072K), 3 survivors (3072K)
 Metaspace       used 51546K, committed 51904K, reserved 1097728K
  class space    used 6415K, committed 6592K, reserved 1048576K
}
Event: 4.790 GC heap before
{Heap before GC invocations=13 (full 0):
 garbage-first heap   total 58368K, used 44373K [0x0000000082400000, 0x0000000100000000)
  region size 1024K, 24 young (24576K), 3 survivors (3072K)
 Metaspace       used 57093K, committed 57536K, reserved 1105920K
  class space    used 7275K, committed 7488K, reserved 1048576K
}
Event: 4.794 GC heap after
{Heap after GC invocations=14 (full 0):
 garbage-first heap   total 58368K, used 25246K [0x0000000082400000, 0x0000000100000000)
  region size 1024K, 2 young (2048K), 2 survivors (2048K)
 Metaspace       used 57093K, committed 57536K, reserved 1105920K
  class space    used 7275K, committed 7488K, reserved 1048576K
}
Event: 5.087 GC heap before
{Heap before GC invocations=14 (full 0):
 garbage-first heap   total 58368K, used 40606K [0x0000000082400000, 0x0000000100000000)
  region size 1024K, 18 young (18432K), 2 survivors (2048K)
 Metaspace       used 60212K, committed 60608K, reserved 1105920K
  class space    used 7776K, committed 8000K, reserved 1048576K
}
Event: 5.090 GC heap after
{Heap after GC invocations=15 (full 0):
 garbage-first heap   total 58368K, used 25644K [0x0000000082400000, 0x0000000100000000)
  region size 1024K, 2 young (2048K), 2 survivors (2048K)
 Metaspace       used 60212K, committed 60608K, reserved 1105920K
  class space    used 7776K, committed 8000K, reserved 1048576K
}
Event: 5.543 GC heap before
{Heap before GC invocations=16 (full 0):
 garbage-first heap   total 58368K, used 46124K [0x0000000082400000, 0x0000000100000000)
  region size 1024K, 22 young (22528K), 2 survivors (2048K)
 Metaspace       used 63943K, committed 64384K, reserved 1105920K
  class space    used 8295K, committed 8512K, reserved 1048576K
}
Event: 5.546 GC heap after
{Heap after GC invocations=17 (full 0):
 garbage-first heap   total 58368K, used 27458K [0x0000000082400000, 0x0000000100000000)
  region size 1024K, 3 young (3072K), 3 survivors (3072K)
 Metaspace       used 63943K, committed 64384K, reserved 1105920K
  class space    used 8295K, committed 8512K, reserved 1048576K
}

